
*** Running vivado
    with args -log Uvod2_svga_0_0.vds -m64 -product Vivado -mode batch -messageDb vivado.pb -notrace -source Uvod2_svga_0_0.tcl



****** Vivado v2025.1 (64-bit)
  **** SW Build 6140274 on Thu May 22 00:12:29 MDT 2025
  **** IP Build 6138677 on Thu May 22 03:10:11 MDT 2025
  **** SharedData Build 6139179 on Tue May 20 17:58:58 MDT 2025
  **** Start of session at: Mon May  4 16:49:23 2026
    ** Copyright 1986-2022 Xilinx, Inc. All Rights Reserved.
    ** Copyright 2022-2025 Advanced Micro Devices, Inc. All Rights Reserved.

source Uvod2_svga_0_0.tcl -notrace
create_project: Time (s): cpu = 00:00:09 ; elapsed = 00:00:06 . Memory (MB): peak = 497.402 ; gain = 212.566
INFO: [IP_Flow 19-234] Refreshing IP repositories
INFO: [IP_Flow 19-1704] No user IP repositories specified
INFO: [IP_Flow 19-2313] Loaded Vivado IP repository 'C:/Xilinx/2025.1/Vivado/data/ip'.
Command: synth_design -top Uvod2_svga_0_0 -part xc7s25csga324-1 -incremental_mode off -mode out_of_context
Starting synth_design
Attempting to get a license for feature 'Synthesis' and/or device 'xc7s25'
INFO: [Common 17-349] Got license for feature 'Synthesis' and/or device 'xc7s25'
INFO: [Device 21-403] Loading part xc7s25csga324-1
INFO: [Synth 8-7079] Multithreading enabled for synth_design using a maximum of 2 processes.
INFO: [Synth 8-7078] Launching helper process for spawning children vivado processes
INFO: [Synth 8-7075] Helper process launched with PID 2876
---------------------------------------------------------------------------------
Starting RTL Elaboration : Time (s): cpu = 00:00:06 ; elapsed = 00:00:06 . Memory (MB): peak = 1161.148 ; gain = 491.848
---------------------------------------------------------------------------------
INFO: [Synth 8-6157] synthesizing module 'Uvod2_svga_0_0' [c:/Users/vaje/Desktop/Salem/SalemPEV/2.5/PEV/Projekt/Projekt.gen/sources_1/bd/Uvod2/ip/Uvod2_svga_0_0/synth/Uvod2_svga_0_0.v:53]
INFO: [Synth 8-6157] synthesizing module 'svga' [C:/Users/vaje/Desktop/Salem/SalemPEV/2.5/PEV/Projekt/Projekt.srcs/sources_1/new/svga.v:6]
INFO: [Synth 8-3876] $readmem data file 'zero.mem' is read successfully [C:/Users/vaje/Desktop/Salem/SalemPEV/2.5/PEV/Projekt/Projekt.srcs/sources_1/new/svga.v:126]
INFO: [Synth 8-3876] $readmem data file 'one.mem' is read successfully [C:/Users/vaje/Desktop/Salem/SalemPEV/2.5/PEV/Projekt/Projekt.srcs/sources_1/new/svga.v:127]
INFO: [Synth 8-3876] $readmem data file 'two.mem' is read successfully [C:/Users/vaje/Desktop/Salem/SalemPEV/2.5/PEV/Projekt/Projekt.srcs/sources_1/new/svga.v:128]
INFO: [Synth 8-3876] $readmem data file 'three.mem' is read successfully [C:/Users/vaje/Desktop/Salem/SalemPEV/2.5/PEV/Projekt/Projekt.srcs/sources_1/new/svga.v:129]
INFO: [Synth 8-3876] $readmem data file 'four.mem' is read successfully [C:/Users/vaje/Desktop/Salem/SalemPEV/2.5/PEV/Projekt/Projekt.srcs/sources_1/new/svga.v:130]
INFO: [Synth 8-3876] $readmem data file 'five.mem' is read successfully [C:/Users/vaje/Desktop/Salem/SalemPEV/2.5/PEV/Projekt/Projekt.srcs/sources_1/new/svga.v:131]
INFO: [Synth 8-3876] $readmem data file 'six.mem' is read successfully [C:/Users/vaje/Desktop/Salem/SalemPEV/2.5/PEV/Projekt/Projekt.srcs/sources_1/new/svga.v:132]
INFO: [Synth 8-3876] $readmem data file 'seven.mem' is read successfully [C:/Users/vaje/Desktop/Salem/SalemPEV/2.5/PEV/Projekt/Projekt.srcs/sources_1/new/svga.v:133]
INFO: [Synth 8-3876] $readmem data file 'eight.mem' is read successfully [C:/Users/vaje/Desktop/Salem/SalemPEV/2.5/PEV/Projekt/Projekt.srcs/sources_1/new/svga.v:134]
INFO: [Synth 8-3876] $readmem data file 'nine.mem' is read successfully [C:/Users/vaje/Desktop/Salem/SalemPEV/2.5/PEV/Projekt/Projekt.srcs/sources_1/new/svga.v:135]
INFO: [Synth 8-6155] done synthesizing module 'svga' (0#1) [C:/Users/vaje/Desktop/Salem/SalemPEV/2.5/PEV/Projekt/Projekt.srcs/sources_1/new/svga.v:6]
INFO: [Synth 8-6155] done synthesizing module 'Uvod2_svga_0_0' (0#1) [c:/Users/vaje/Desktop/Salem/SalemPEV/2.5/PEV/Projekt/Projekt.gen/sources_1/bd/Uvod2/ip/Uvod2_svga_0_0/synth/Uvod2_svga_0_0.v:53]
---------------------------------------------------------------------------------
Finished RTL Elaboration : Time (s): cpu = 00:00:07 ; elapsed = 00:00:07 . Memory (MB): peak = 1276.547 ; gain = 607.246
---------------------------------------------------------------------------------
---------------------------------------------------------------------------------
Start Handling Custom Attributes
---------------------------------------------------------------------------------
---------------------------------------------------------------------------------
Finished Handling Custom Attributes : Time (s): cpu = 00:00:07 ; elapsed = 00:00:08 . Memory (MB): peak = 1276.547 ; gain = 607.246
---------------------------------------------------------------------------------
---------------------------------------------------------------------------------
Finished RTL Optimization Phase 1 : Time (s): cpu = 00:00:07 ; elapsed = 00:00:08 . Memory (MB): peak = 1276.547 ; gain = 607.246
---------------------------------------------------------------------------------
Netlist sorting complete. Time (s): cpu = 00:00:00 ; elapsed = 00:00:00.006 . Memory (MB): peak = 1276.547 ; gain = 0.000
INFO: [Project 1-570] Preparing netlist for logic optimization

Processing XDC Constraints
Initializing timing engine
Completed Processing XDC Constraints

Netlist sorting complete. Time (s): cpu = 00:00:00 ; elapsed = 00:00:00.001 . Memory (MB): peak = 1348.414 ; gain = 0.000
INFO: [Project 1-111] Unisim Transformation Summary:
No Unisim elements were transformed.

Constraint Validation Runtime : Time (s): cpu = 00:00:00 ; elapsed = 00:00:00.025 . Memory (MB): peak = 1348.738 ; gain = 0.324
INFO: [Designutils 20-5008] Incremental synthesis strategy off
---------------------------------------------------------------------------------
Finished Constraint Validation : Time (s): cpu = 00:00:15 ; elapsed = 00:00:16 . Memory (MB): peak = 1348.738 ; gain = 679.438
---------------------------------------------------------------------------------
---------------------------------------------------------------------------------
Start Loading Part and Timing Information
---------------------------------------------------------------------------------
Loading part: xc7s25csga324-1
---------------------------------------------------------------------------------
Finished Loading Part and Timing Information : Time (s): cpu = 00:00:15 ; elapsed = 00:00:16 . Memory (MB): peak = 1348.738 ; gain = 679.438
---------------------------------------------------------------------------------
---------------------------------------------------------------------------------
Start Applying 'set_property' XDC Constraints
---------------------------------------------------------------------------------
---------------------------------------------------------------------------------
Finished applying 'set_property' XDC Constraints : Time (s): cpu = 00:00:15 ; elapsed = 00:00:16 . Memory (MB): peak = 1348.738 ; gain = 679.438
---------------------------------------------------------------------------------
---------------------------------------------------------------------------------
Finished RTL Optimization Phase 2 : Time (s): cpu = 00:00:16 ; elapsed = 00:00:16 . Memory (MB): peak = 1348.738 ; gain = 679.438
---------------------------------------------------------------------------------
---------------------------------------------------------------------------------
Start RTL Component Statistics 
---------------------------------------------------------------------------------
Detailed RTL Component Info : 
+---Adders : 
	   2 Input   32 Bit       Adders := 1     
	   3 Input   13 Bit       Adders := 4     
	   2 Input   11 Bit       Adders := 3     
	   2 Input   10 Bit       Adders := 1     
	   2 Input    6 Bit       Adders := 3     
+---Registers : 
	               11 Bit    Registers := 4     
	                4 Bit    Registers := 3     
+---Muxes : 
	  61 Input   40 Bit        Muxes := 2     
	  11 Input    4 Bit        Muxes := 2     
	   2 Input    4 Bit        Muxes := 63    
---------------------------------------------------------------------------------
Finished RTL Component Statistics 
---------------------------------------------------------------------------------
---------------------------------------------------------------------------------
Start Part Resource Summary
---------------------------------------------------------------------------------
Part Resources:
DSPs: 80 (col length:40)
BRAMs: 90 (col length: RAMB18 40 RAMB36 20)
---------------------------------------------------------------------------------
Finished Part Resource Summary
---------------------------------------------------------------------------------
---------------------------------------------------------------------------------
Start Cross Boundary and Area Optimization
---------------------------------------------------------------------------------
WARNING: [Synth 8-7080] Parallel synthesis criteria is not met
---------------------------------------------------------------------------------
Finished Cross Boundary and Area Optimization : Time (s): cpu = 00:00:20 ; elapsed = 00:00:21 . Memory (MB): peak = 1348.738 ; gain = 679.438
---------------------------------------------------------------------------------
---------------------------------------------------------------------------------
Start ROM, RAM, DSP, Shift Register and Retiming Reporting
---------------------------------------------------------------------------------

ROM: Preliminary Mapping Report
+------------+------------+---------------+----------------+
|Module Name | RTL Object | Depth x Width | Implemented As | 
+------------+------------+---------------+----------------+
|svga        | zero       | 64x4          | LUT            | 
|svga        | two        | 64x10         | LUT            | 
|svga        | three      | 64x7          | LUT            | 
|svga        | five       | 64x7          | LUT            | 
|svga        | six        | 64x7          | LUT            | 
|svga        | seven      | 64x8          | LUT            | 
|svga        | eight      | 64x4          | LUT            | 
|svga        | nine       | 64x7          | LUT            | 
|svga        | p_0_out    | 64x4          | LUT            | 
|svga        | p_0_out    | 64x10         | LUT            | 
|svga        | p_0_out    | 64x7          | LUT            | 
|svga        | p_0_out    | 64x7          | LUT            | 
|svga        | p_0_out    | 64x7          | LUT            | 
|svga        | p_0_out    | 64x8          | LUT            | 
|svga        | p_0_out    | 64x4          | LUT            | 
|svga        | p_0_out    | 64x7          | LUT            | 
+------------+------------+---------------+----------------+

---------------------------------------------------------------------------------
Finished ROM, RAM, DSP, Shift Register and Retiming Reporting
---------------------------------------------------------------------------------
---------------------------------------------------------------------------------
Start Applying XDC Timing Constraints
---------------------------------------------------------------------------------
---------------------------------------------------------------------------------
Finished Applying XDC Timing Constraints : Time (s): cpu = 00:00:25 ; elapsed = 00:00:26 . Memory (MB): peak = 1476.176 ; gain = 806.875
---------------------------------------------------------------------------------
---------------------------------------------------------------------------------
Start Timing Optimization
---------------------------------------------------------------------------------
---------------------------------------------------------------------------------
Finished Timing Optimization : Time (s): cpu = 00:00:25 ; elapsed = 00:00:26 . Memory (MB): peak = 1476.887 ; gain = 807.586
---------------------------------------------------------------------------------
---------------------------------------------------------------------------------
Start Technology Mapping
---------------------------------------------------------------------------------
---------------------------------------------------------------------------------
Finished Technology Mapping : Time (s): cpu = 00:00:26 ; elapsed = 00:00:27 . Memory (MB): peak = 1490.609 ; gain = 821.309
---------------------------------------------------------------------------------
---------------------------------------------------------------------------------
Start IO Insertion
---------------------------------------------------------------------------------
---------------------------------------------------------------------------------
Start Flattening Before IO Insertion
---------------------------------------------------------------------------------
---------------------------------------------------------------------------------
Finished Flattening Before IO Insertion
---------------------------------------------------------------------------------
---------------------------------------------------------------------------------
Start Final Netlist Cleanup
---------------------------------------------------------------------------------
---------------------------------------------------------------------------------
Finished Final Netlist Cleanup
---------------------------------------------------------------------------------
---------------------------------------------------------------------------------
Finished IO Insertion : Time (s): cpu = 00:00:30 ; elapsed = 00:00:31 . Memory (MB): peak = 1719.578 ; gain = 1050.277
---------------------------------------------------------------------------------
---------------------------------------------------------------------------------
Start Renaming Generated Instances
---------------------------------------------------------------------------------
---------------------------------------------------------------------------------
Finished Renaming Generated Instances : Time (s): cpu = 00:00:30 ; elapsed = 00:00:31 . Memory (MB): peak = 1719.578 ; gain = 1050.277
---------------------------------------------------------------------------------
---------------------------------------------------------------------------------
Start Rebuilding User Hierarchy
---------------------------------------------------------------------------------
---------------------------------------------------------------------------------
Finished Rebuilding User Hierarchy : Time (s): cpu = 00:00:30 ; elapsed = 00:00:31 . Memory (MB): peak = 1719.578 ; gain = 1050.277
---------------------------------------------------------------------------------
---------------------------------------------------------------------------------
Start Renaming Generated Ports
---------------------------------------------------------------------------------
---------------------------------------------------------------------------------
Finished Renaming Generated Ports : Time (s): cpu = 00:00:30 ; elapsed = 00:00:31 . Memory (MB): peak = 1719.578 ; gain = 1050.277
---------------------------------------------------------------------------------
---------------------------------------------------------------------------------
Start Handling Custom Attributes
---------------------------------------------------------------------------------
---------------------------------------------------------------------------------
Finished Handling Custom Attributes : Time (s): cpu = 00:00:30 ; elapsed = 00:00:31 . Memory (MB): peak = 1719.578 ; gain = 1050.277
---------------------------------------------------------------------------------
---------------------------------------------------------------------------------
Start Renaming Generated Nets
---------------------------------------------------------------------------------
---------------------------------------------------------------------------------
Finished Renaming Generated Nets : Time (s): cpu = 00:00:30 ; elapsed = 00:00:31 . Memory (MB): peak = 1719.578 ; gain = 1050.277
---------------------------------------------------------------------------------
---------------------------------------------------------------------------------
Start Writing Synthesis Report
---------------------------------------------------------------------------------

Report BlackBoxes: 
+-+--------------+----------+
| |BlackBox name |Instances |
+-+--------------+----------+
+-+--------------+----------+

Report Cell Usage: 
+------+-------+------+
|      |Cell   |Count |
+------+-------+------+
|1     |CARRY4 |    20|
|2     |LUT1   |     3|
|3     |LUT2   |    75|
|4     |LUT3   |    30|
|5     |LUT4   |   136|
|6     |LUT5   |    32|
|7     |LUT6   |    84|
|8     |MUXF7  |     2|
|9     |FDRE   |    51|
|10    |FDSE   |     4|
+------+-------+------+
---------------------------------------------------------------------------------
Finished Writing Synthesis Report : Time (s): cpu = 00:00:30 ; elapsed = 00:00:31 . Memory (MB): peak = 1719.578 ; gain = 1050.277
---------------------------------------------------------------------------------
Synthesis finished with 0 errors, 0 critical warnings and 1 warnings.
Synthesis Optimization Runtime : Time (s): cpu = 00:00:21 ; elapsed = 00:00:30 . Memory (MB): peak = 1719.578 ; gain = 978.086
Synthesis Optimization Complete : Time (s): cpu = 00:00:30 ; elapsed = 00:00:31 . Memory (MB): peak = 1719.578 ; gain = 1050.277
INFO: [Project 1-571] Translating synthesized netlist
Netlist sorting complete. Time (s): cpu = 00:00:00 ; elapsed = 00:00:00.003 . Memory (MB): peak = 1728.797 ; gain = 0.000
INFO: [Netlist 29-17] Analyzing 22 Unisim elements for replacement
INFO: [Netlist 29-28] Unisim Transformation completed in 0 CPU seconds
INFO: [Project 1-570] Preparing netlist for logic optimization
INFO: [Opt 31-138] Pushed 0 inverter(s) to 0 load pin(s).
Netlist sorting complete. Time (s): cpu = 00:00:00 ; elapsed = 00:00:00 . Memory (MB): peak = 1732.434 ; gain = 0.000
INFO: [Project 1-111] Unisim Transformation Summary:
No Unisim elements were transformed.

Synth Design complete | Checksum: 18c3705f
INFO: [Common 17-83] Releasing license: Synthesis
32 Infos, 1 Warnings, 0 Critical Warnings and 0 Errors encountered.
synth_design completed successfully
synth_design: Time (s): cpu = 00:00:33 ; elapsed = 00:00:37 . Memory (MB): peak = 1732.434 ; gain = 1218.152
Write ShapeDB Complete: Time (s): cpu = 00:00:00 ; elapsed = 00:00:00.002 . Memory (MB): peak = 1732.434 ; gain = 0.000
INFO: [Common 17-1381] The checkpoint 'C:/Users/vaje/Desktop/Salem/SalemPEV/2.5/PEV/Projekt/Projekt.runs/Uvod2_svga_0_0_synth_1/Uvod2_svga_0_0.dcp' has been generated.
INFO: [Vivado 12-24828] Executing command : report_utilization -file Uvod2_svga_0_0_utilization_synth.rpt -pb Uvod2_svga_0_0_utilization_synth.pb
INFO: [Common 17-206] Exiting Vivado at Mon May  4 16:50:10 2026...
