
*** Running vivado
    with args -log Uvod2_wrapper.vds -m64 -product Vivado -mode batch -messageDb vivado.pb -notrace -source Uvod2_wrapper.tcl



****** Vivado v2025.1 (64-bit)
  **** SW Build 6140274 on Thu May 22 00:12:29 MDT 2025
  **** IP Build 6138677 on Thu May 22 03:10:11 MDT 2025
  **** SharedData Build 6139179 on Tue May 20 17:58:58 MDT 2025
  **** Start of session at: Mon May  4 16:57:01 2026
    ** Copyright 1986-2022 Xilinx, Inc. All Rights Reserved.
    ** Copyright 2022-2025 Advanced Micro Devices, Inc. All Rights Reserved.

source Uvod2_wrapper.tcl -notrace
create_project: Time (s): cpu = 00:00:09 ; elapsed = 00:00:06 . Memory (MB): peak = 496.875 ; gain = 211.984
INFO: [IP_Flow 19-234] Refreshing IP repositories
INFO: [IP_Flow 19-1704] No user IP repositories specified
INFO: [IP_Flow 19-2313] Loaded Vivado IP repository 'C:/Xilinx/2025.1/Vivado/data/ip'.
Command: read_checkpoint -auto_incremental -incremental C:/Users/vaje/Desktop/Salem/SalemPEV/2.5/PEV/Projekt/Projekt.srcs/utils_1/imports/synth_1/Uvod2_wrapper.dcp
INFO: [Vivado 12-5825] Read reference checkpoint from C:/Users/vaje/Desktop/Salem/SalemPEV/2.5/PEV/Projekt/Projekt.srcs/utils_1/imports/synth_1/Uvod2_wrapper.dcp for incremental synthesis
INFO: [Vivado 12-7989] Please ensure there are no constraint changes
Command: synth_design -top Uvod2_wrapper -part xc7s25csga324-1
Starting synth_design
Attempting to get a license for feature 'Synthesis' and/or device 'xc7s25'
INFO: [Common 17-349] Got license for feature 'Synthesis' and/or device 'xc7s25'
INFO: [Device 21-403] Loading part xc7s25csga324-1
INFO: [Designutils 20-5440] No compile time benefit to using incremental synthesis; A full resynthesis will be run
INFO: [Designutils 20-4379] Flow is switching to default flow due to incremental criteria not met. If you would like to alter this behaviour and have the flow terminate instead, please set the following parameter config_implementation {autoIncr.Synth.RejectBehavior Terminate}
INFO: [Synth 8-7079] Multithreading enabled for synth_design using a maximum of 2 processes.
INFO: [Synth 8-7078] Launching helper process for spawning children vivado processes
INFO: [Synth 8-7075] Helper process launched with PID 2648
---------------------------------------------------------------------------------
Starting RTL Elaboration : Time (s): cpu = 00:00:05 ; elapsed = 00:00:05 . Memory (MB): peak = 1169.168 ; gain = 492.930
---------------------------------------------------------------------------------
INFO: [Synth 8-6157] synthesizing module 'Uvod2_wrapper' [C:/Users/vaje/Desktop/Salem/SalemPEV/2.5/PEV/Projekt/Projekt.gen/sources_1/bd/Uvod2/hdl/Uvod2_wrapper.v:13]
INFO: [Synth 8-6157] synthesizing module 'Uvod2' [c:/Users/vaje/Desktop/Salem/SalemPEV/2.5/PEV/Projekt/Projekt.gen/sources_1/bd/Uvod2/synth/Uvod2.v:13]
INFO: [Synth 8-6157] synthesizing module 'Uvod2_clk_wiz_0_0' [C:/Users/vaje/Desktop/Salem/SalemPEV/2.5/PEV/Projekt/Projekt.runs/synth_1/.Xil/Vivado-5212-LRNV-INSTALL/realtime/Uvod2_clk_wiz_0_0_stub.v:6]
INFO: [Synth 8-6155] done synthesizing module 'Uvod2_clk_wiz_0_0' (0#1) [C:/Users/vaje/Desktop/Salem/SalemPEV/2.5/PEV/Projekt/Projekt.runs/synth_1/.Xil/Vivado-5212-LRNV-INSTALL/realtime/Uvod2_clk_wiz_0_0_stub.v:6]
INFO: [Synth 8-6157] synthesizing module 'Uvod2_debounce_0_0' [C:/Users/vaje/Desktop/Salem/SalemPEV/2.5/PEV/Projekt/Projekt.runs/synth_1/.Xil/Vivado-5212-LRNV-INSTALL/realtime/Uvod2_debounce_0_0_stub.v:6]
INFO: [Synth 8-6155] done synthesizing module 'Uvod2_debounce_0_0' (0#1) [C:/Users/vaje/Desktop/Salem/SalemPEV/2.5/PEV/Projekt/Projekt.runs/synth_1/.Xil/Vivado-5212-LRNV-INSTALL/realtime/Uvod2_debounce_0_0_stub.v:6]
INFO: [Synth 8-6157] synthesizing module 'Uvod2_debounce_0_1' [C:/Users/vaje/Desktop/Salem/SalemPEV/2.5/PEV/Projekt/Projekt.runs/synth_1/.Xil/Vivado-5212-LRNV-INSTALL/realtime/Uvod2_debounce_0_1_stub.v:6]
INFO: [Synth 8-6155] done synthesizing module 'Uvod2_debounce_0_1' (0#1) [C:/Users/vaje/Desktop/Salem/SalemPEV/2.5/PEV/Projekt/Projekt.runs/synth_1/.Xil/Vivado-5212-LRNV-INSTALL/realtime/Uvod2_debounce_0_1_stub.v:6]
INFO: [Synth 8-6157] synthesizing module 'Uvod2_debounce_0_2' [C:/Users/vaje/Desktop/Salem/SalemPEV/2.5/PEV/Projekt/Projekt.runs/synth_1/.Xil/Vivado-5212-LRNV-INSTALL/realtime/Uvod2_debounce_0_2_stub.v:6]
INFO: [Synth 8-6155] done synthesizing module 'Uvod2_debounce_0_2' (0#1) [C:/Users/vaje/Desktop/Salem/SalemPEV/2.5/PEV/Projekt/Projekt.runs/synth_1/.Xil/Vivado-5212-LRNV-INSTALL/realtime/Uvod2_debounce_0_2_stub.v:6]
INFO: [Synth 8-6157] synthesizing module 'Uvod2_debounce_0_3' [C:/Users/vaje/Desktop/Salem/SalemPEV/2.5/PEV/Projekt/Projekt.runs/synth_1/.Xil/Vivado-5212-LRNV-INSTALL/realtime/Uvod2_debounce_0_3_stub.v:6]
INFO: [Synth 8-6155] done synthesizing module 'Uvod2_debounce_0_3' (0#1) [C:/Users/vaje/Desktop/Salem/SalemPEV/2.5/PEV/Projekt/Projekt.runs/synth_1/.Xil/Vivado-5212-LRNV-INSTALL/realtime/Uvod2_debounce_0_3_stub.v:6]
INFO: [Synth 8-6157] synthesizing module 'Uvod2_svga_0_0' [C:/Users/vaje/Desktop/Salem/SalemPEV/2.5/PEV/Projekt/Projekt.runs/synth_1/.Xil/Vivado-5212-LRNV-INSTALL/realtime/Uvod2_svga_0_0_stub.v:6]
INFO: [Synth 8-6155] done synthesizing module 'Uvod2_svga_0_0' (0#1) [C:/Users/vaje/Desktop/Salem/SalemPEV/2.5/PEV/Projekt/Projekt.runs/synth_1/.Xil/Vivado-5212-LRNV-INSTALL/realtime/Uvod2_svga_0_0_stub.v:6]
INFO: [Synth 8-6157] synthesizing module 'Uvod2_top_0_0' [C:/Users/vaje/Desktop/Salem/SalemPEV/2.5/PEV/Projekt/Projekt.runs/synth_1/.Xil/Vivado-5212-LRNV-INSTALL/realtime/Uvod2_top_0_0_stub.v:6]
INFO: [Synth 8-6155] done synthesizing module 'Uvod2_top_0_0' (0#1) [C:/Users/vaje/Desktop/Salem/SalemPEV/2.5/PEV/Projekt/Projekt.runs/synth_1/.Xil/Vivado-5212-LRNV-INSTALL/realtime/Uvod2_top_0_0_stub.v:6]
INFO: [Synth 8-6155] done synthesizing module 'Uvod2' (0#1) [c:/Users/vaje/Desktop/Salem/SalemPEV/2.5/PEV/Projekt/Projekt.gen/sources_1/bd/Uvod2/synth/Uvod2.v:13]
INFO: [Synth 8-6155] done synthesizing module 'Uvod2_wrapper' (0#1) [C:/Users/vaje/Desktop/Salem/SalemPEV/2.5/PEV/Projekt/Projekt.gen/sources_1/bd/Uvod2/hdl/Uvod2_wrapper.v:13]
---------------------------------------------------------------------------------
Finished RTL Elaboration : Time (s): cpu = 00:00:07 ; elapsed = 00:00:07 . Memory (MB): peak = 1276.023 ; gain = 599.785
---------------------------------------------------------------------------------
---------------------------------------------------------------------------------
Start Handling Custom Attributes
---------------------------------------------------------------------------------
---------------------------------------------------------------------------------
Finished Handling Custom Attributes : Time (s): cpu = 00:00:07 ; elapsed = 00:00:07 . Memory (MB): peak = 1276.023 ; gain = 599.785
---------------------------------------------------------------------------------
---------------------------------------------------------------------------------
Finished RTL Optimization Phase 1 : Time (s): cpu = 00:00:07 ; elapsed = 00:00:07 . Memory (MB): peak = 1276.023 ; gain = 599.785
---------------------------------------------------------------------------------
Netlist sorting complete. Time (s): cpu = 00:00:00 ; elapsed = 00:00:00.001 . Memory (MB): peak = 1276.023 ; gain = 0.000
INFO: [Project 1-570] Preparing netlist for logic optimization

Processing XDC Constraints
Initializing timing engine
Parsing XDC File [c:/Users/vaje/Desktop/Salem/SalemPEV/2.5/PEV/Projekt/Projekt.gen/sources_1/bd/Uvod2/ip/Uvod2_clk_wiz_0_0/Uvod2_clk_wiz_0_0/Uvod2_clk_wiz_0_0_in_context.xdc] for cell 'Uvod2_i/clk_wiz_0'
Finished Parsing XDC File [c:/Users/vaje/Desktop/Salem/SalemPEV/2.5/PEV/Projekt/Projekt.gen/sources_1/bd/Uvod2/ip/Uvod2_clk_wiz_0_0/Uvod2_clk_wiz_0_0/Uvod2_clk_wiz_0_0_in_context.xdc] for cell 'Uvod2_i/clk_wiz_0'
Parsing XDC File [c:/Users/vaje/Desktop/Salem/SalemPEV/2.5/PEV/Projekt/Projekt.gen/sources_1/bd/Uvod2/ip/Uvod2_debounce_0_0/Uvod2_debounce_0_0/Uvod2_debounce_0_0_in_context.xdc] for cell 'Uvod2_i/debounce_0'
Finished Parsing XDC File [c:/Users/vaje/Desktop/Salem/SalemPEV/2.5/PEV/Projekt/Projekt.gen/sources_1/bd/Uvod2/ip/Uvod2_debounce_0_0/Uvod2_debounce_0_0/Uvod2_debounce_0_0_in_context.xdc] for cell 'Uvod2_i/debounce_0'
Parsing XDC File [c:/Users/vaje/Desktop/Salem/SalemPEV/2.5/PEV/Projekt/Projekt.gen/sources_1/bd/Uvod2/ip/Uvod2_debounce_0_1/Uvod2_debounce_0_1/Uvod2_debounce_0_1_in_context.xdc] for cell 'Uvod2_i/debounce_1'
Finished Parsing XDC File [c:/Users/vaje/Desktop/Salem/SalemPEV/2.5/PEV/Projekt/Projekt.gen/sources_1/bd/Uvod2/ip/Uvod2_debounce_0_1/Uvod2_debounce_0_1/Uvod2_debounce_0_1_in_context.xdc] for cell 'Uvod2_i/debounce_1'
Parsing XDC File [c:/Users/vaje/Desktop/Salem/SalemPEV/2.5/PEV/Projekt/Projekt.gen/sources_1/bd/Uvod2/ip/Uvod2_debounce_0_2/Uvod2_debounce_0_2/Uvod2_debounce_0_2_in_context.xdc] for cell 'Uvod2_i/debounce_2'
Finished Parsing XDC File [c:/Users/vaje/Desktop/Salem/SalemPEV/2.5/PEV/Projekt/Projekt.gen/sources_1/bd/Uvod2/ip/Uvod2_debounce_0_2/Uvod2_debounce_0_2/Uvod2_debounce_0_2_in_context.xdc] for cell 'Uvod2_i/debounce_2'
Parsing XDC File [c:/Users/vaje/Desktop/Salem/SalemPEV/2.5/PEV/Projekt/Projekt.gen/sources_1/bd/Uvod2/ip/Uvod2_debounce_0_3/Uvod2_debounce_0_3/Uvod2_debounce_0_3_in_context.xdc] for cell 'Uvod2_i/debounce_3'
Finished Parsing XDC File [c:/Users/vaje/Desktop/Salem/SalemPEV/2.5/PEV/Projekt/Projekt.gen/sources_1/bd/Uvod2/ip/Uvod2_debounce_0_3/Uvod2_debounce_0_3/Uvod2_debounce_0_3_in_context.xdc] for cell 'Uvod2_i/debounce_3'
Parsing XDC File [c:/Users/vaje/Desktop/Salem/SalemPEV/2.5/PEV/Projekt/Projekt.gen/sources_1/bd/Uvod2/ip/Uvod2_svga_0_0/Uvod2_svga_0_0/Uvod2_svga_0_0_in_context.xdc] for cell 'Uvod2_i/svga_0'
Finished Parsing XDC File [c:/Users/vaje/Desktop/Salem/SalemPEV/2.5/PEV/Projekt/Projekt.gen/sources_1/bd/Uvod2/ip/Uvod2_svga_0_0/Uvod2_svga_0_0/Uvod2_svga_0_0_in_context.xdc] for cell 'Uvod2_i/svga_0'
Parsing XDC File [c:/Users/vaje/Desktop/Salem/SalemPEV/2.5/PEV/Projekt/Projekt.gen/sources_1/bd/Uvod2/ip/Uvod2_top_0_0/Uvod2_top_0_0/Uvod2_top_0_0_in_context.xdc] for cell 'Uvod2_i/top_0'
Finished Parsing XDC File [c:/Users/vaje/Desktop/Salem/SalemPEV/2.5/PEV/Projekt/Projekt.gen/sources_1/bd/Uvod2/ip/Uvod2_top_0_0/Uvod2_top_0_0/Uvod2_top_0_0_in_context.xdc] for cell 'Uvod2_i/top_0'
Parsing XDC File [C:/Users/vaje/Desktop/Salem/SalemPEV/2.5/PEV/Projekt/Projekt.srcs/constrs_1/new/constraints.xdc]
WARNING: [Vivado 12-584] No ports matched 'LED2'. [C:/Users/vaje/Desktop/Salem/SalemPEV/2.5/PEV/Projekt/Projekt.srcs/constrs_1/new/constraints.xdc:13]
WARNING: [Vivado 12-584] No ports matched 'LED3'. [C:/Users/vaje/Desktop/Salem/SalemPEV/2.5/PEV/Projekt/Projekt.srcs/constrs_1/new/constraints.xdc:14]
WARNING: [Vivado 12-584] No ports matched 'LED4'. [C:/Users/vaje/Desktop/Salem/SalemPEV/2.5/PEV/Projekt/Projekt.srcs/constrs_1/new/constraints.xdc:15]
WARNING: [Vivado 12-584] No ports matched 'LED5'. [C:/Users/vaje/Desktop/Salem/SalemPEV/2.5/PEV/Projekt/Projekt.srcs/constrs_1/new/constraints.xdc:16]
WARNING: [Vivado 12-584] No ports matched 'TXF'. [C:/Users/vaje/Desktop/Salem/SalemPEV/2.5/PEV/Projekt/Projekt.srcs/constrs_1/new/constraints.xdc:40]
WARNING: [Vivado 12-584] No ports matched 'SCL'. [C:/Users/vaje/Desktop/Salem/SalemPEV/2.5/PEV/Projekt/Projekt.srcs/constrs_1/new/constraints.xdc:66]
WARNING: [Vivado 12-584] No ports matched 'SDA'. [C:/Users/vaje/Desktop/Salem/SalemPEV/2.5/PEV/Projekt/Projekt.srcs/constrs_1/new/constraints.xdc:67]
Finished Parsing XDC File [C:/Users/vaje/Desktop/Salem/SalemPEV/2.5/PEV/Projekt/Projekt.srcs/constrs_1/new/constraints.xdc]
WARNING: [Project 1-498] One or more constraints failed evaluation while reading constraint file [C:/Users/vaje/Desktop/Salem/SalemPEV/2.5/PEV/Projekt/Projekt.srcs/constrs_1/new/constraints.xdc] and the design contains unresolved black boxes. These constraints will be read post-synthesis (as long as their source constraint file is marked as used_in_implementation) and should be applied correctly then. You should review the constraints listed in the file [.Xil/Uvod2_wrapper_propImpl.xdc] and check the run log file to verify that these constraints were correctly applied.
INFO: [Project 1-236] Implementation specific constraints were found while reading constraint file [C:/Users/vaje/Desktop/Salem/SalemPEV/2.5/PEV/Projekt/Projekt.srcs/constrs_1/new/constraints.xdc]. These constraints will be ignored for synthesis but will be used in implementation. Impacted constraints are listed in the file [.Xil/Uvod2_wrapper_propImpl.xdc].
Resolution: To avoid this warning, move constraints listed in [.Xil/Uvod2_wrapper_propImpl.xdc] to another XDC file and exclude this new file from synthesis with the used_in_synthesis property (File Properties dialog in GUI) and re-run elaboration/synthesis.
Parsing XDC File [C:/Users/vaje/Desktop/Salem/SalemPEV/2.5/PEV/Projekt/Projekt.runs/synth_1/dont_touch.xdc]
Finished Parsing XDC File [C:/Users/vaje/Desktop/Salem/SalemPEV/2.5/PEV/Projekt/Projekt.runs/synth_1/dont_touch.xdc]
Completed Processing XDC Constraints

Netlist sorting complete. Time (s): cpu = 00:00:00 ; elapsed = 00:00:00 . Memory (MB): peak = 1278.051 ; gain = 0.000
INFO: [Project 1-111] Unisim Transformation Summary:
No Unisim elements were transformed.

Constraint Validation Runtime : Time (s): cpu = 00:00:00 ; elapsed = 00:00:00.004 . Memory (MB): peak = 1278.051 ; gain = 0.000
INFO: [Designutils 20-5440] No compile time benefit to using incremental synthesis; A full resynthesis will be run
INFO: [Designutils 20-4379] Flow is switching to default flow due to incremental criteria not met. If you would like to alter this behaviour and have the flow terminate instead, please set the following parameter config_implementation {autoIncr.Synth.RejectBehavior Terminate}
---------------------------------------------------------------------------------
Finished Constraint Validation : Time (s): cpu = 00:00:15 ; elapsed = 00:00:15 . Memory (MB): peak = 1278.051 ; gain = 601.812
---------------------------------------------------------------------------------
---------------------------------------------------------------------------------
Start Loading Part and Timing Information
---------------------------------------------------------------------------------
Loading part: xc7s25csga324-1
---------------------------------------------------------------------------------
Finished Loading Part and Timing Information : Time (s): cpu = 00:00:15 ; elapsed = 00:00:15 . Memory (MB): peak = 1278.051 ; gain = 601.812
---------------------------------------------------------------------------------
---------------------------------------------------------------------------------
Start Applying 'set_property' XDC Constraints
---------------------------------------------------------------------------------
---------------------------------------------------------------------------------
Finished applying 'set_property' XDC Constraints : Time (s): cpu = 00:00:15 ; elapsed = 00:00:15 . Memory (MB): peak = 1278.051 ; gain = 601.812
---------------------------------------------------------------------------------
---------------------------------------------------------------------------------
Finished RTL Optimization Phase 2 : Time (s): cpu = 00:00:15 ; elapsed = 00:00:15 . Memory (MB): peak = 1278.051 ; gain = 601.812
---------------------------------------------------------------------------------
---------------------------------------------------------------------------------
Start RTL Component Statistics 
---------------------------------------------------------------------------------
Detailed RTL Component Info : 
---------------------------------------------------------------------------------
Finished RTL Component Statistics 
---------------------------------------------------------------------------------
---------------------------------------------------------------------------------
Start Part Resource Summary
---------------------------------------------------------------------------------
Part Resources:
DSPs: 80 (col length:40)
BRAMs: 90 (col length: RAMB18 40 RAMB36 20)
---------------------------------------------------------------------------------
Finished Part Resource Summary
---------------------------------------------------------------------------------
---------------------------------------------------------------------------------
Start Cross Boundary and Area Optimization
---------------------------------------------------------------------------------
WARNING: [Synth 8-7080] Parallel synthesis criteria is not met
---------------------------------------------------------------------------------
Finished Cross Boundary and Area Optimization : Time (s): cpu = 00:00:17 ; elapsed = 00:00:17 . Memory (MB): peak = 1285.602 ; gain = 609.363
---------------------------------------------------------------------------------
---------------------------------------------------------------------------------
Start Applying XDC Timing Constraints
---------------------------------------------------------------------------------
---------------------------------------------------------------------------------
Finished Applying XDC Timing Constraints : Time (s): cpu = 00:00:22 ; elapsed = 00:00:23 . Memory (MB): peak = 1459.238 ; gain = 783.000
---------------------------------------------------------------------------------
---------------------------------------------------------------------------------
Start Timing Optimization
---------------------------------------------------------------------------------
---------------------------------------------------------------------------------
Finished Timing Optimization : Time (s): cpu = 00:00:22 ; elapsed = 00:00:23 . Memory (MB): peak = 1459.238 ; gain = 783.000
---------------------------------------------------------------------------------
---------------------------------------------------------------------------------
Start Technology Mapping
---------------------------------------------------------------------------------
---------------------------------------------------------------------------------
Finished Technology Mapping : Time (s): cpu = 00:00:22 ; elapsed = 00:00:23 . Memory (MB): peak = 1468.824 ; gain = 792.586
---------------------------------------------------------------------------------
---------------------------------------------------------------------------------
Start IO Insertion
---------------------------------------------------------------------------------
---------------------------------------------------------------------------------
Start Flattening Before IO Insertion
---------------------------------------------------------------------------------
---------------------------------------------------------------------------------
Finished Flattening Before IO Insertion
---------------------------------------------------------------------------------
---------------------------------------------------------------------------------
Start Final Netlist Cleanup
---------------------------------------------------------------------------------
---------------------------------------------------------------------------------
Finished Final Netlist Cleanup
---------------------------------------------------------------------------------
---------------------------------------------------------------------------------
Finished IO Insertion : Time (s): cpu = 00:00:26 ; elapsed = 00:00:27 . Memory (MB): peak = 1704.109 ; gain = 1027.871
---------------------------------------------------------------------------------
---------------------------------------------------------------------------------
Start Renaming Generated Instances
---------------------------------------------------------------------------------
---------------------------------------------------------------------------------
Finished Renaming Generated Instances : Time (s): cpu = 00:00:26 ; elapsed = 00:00:27 . Memory (MB): peak = 1704.109 ; gain = 1027.871
---------------------------------------------------------------------------------
---------------------------------------------------------------------------------
Start Rebuilding User Hierarchy
---------------------------------------------------------------------------------
---------------------------------------------------------------------------------
Finished Rebuilding User Hierarchy : Time (s): cpu = 00:00:26 ; elapsed = 00:00:27 . Memory (MB): peak = 1704.109 ; gain = 1027.871
---------------------------------------------------------------------------------
---------------------------------------------------------------------------------
Start Renaming Generated Ports
---------------------------------------------------------------------------------
---------------------------------------------------------------------------------
Finished Renaming Generated Ports : Time (s): cpu = 00:00:26 ; elapsed = 00:00:27 . Memory (MB): peak = 1704.109 ; gain = 1027.871
---------------------------------------------------------------------------------
---------------------------------------------------------------------------------
Start Handling Custom Attributes
---------------------------------------------------------------------------------
---------------------------------------------------------------------------------
Finished Handling Custom Attributes : Time (s): cpu = 00:00:26 ; elapsed = 00:00:27 . Memory (MB): peak = 1704.109 ; gain = 1027.871
---------------------------------------------------------------------------------
---------------------------------------------------------------------------------
Start Renaming Generated Nets
---------------------------------------------------------------------------------
---------------------------------------------------------------------------------
Finished Renaming Generated Nets : Time (s): cpu = 00:00:26 ; elapsed = 00:00:27 . Memory (MB): peak = 1704.109 ; gain = 1027.871
---------------------------------------------------------------------------------
---------------------------------------------------------------------------------
Start Writing Synthesis Report
---------------------------------------------------------------------------------

Report BlackBoxes: 
+------+-------------------+----------+
|      |BlackBox name      |Instances |
+------+-------------------+----------+
|1     |Uvod2_clk_wiz_0_0  |         1|
|2     |Uvod2_debounce_0_0 |         1|
|3     |Uvod2_debounce_0_1 |         1|
|4     |Uvod2_debounce_0_2 |         1|
|5     |Uvod2_debounce_0_3 |         1|
|6     |Uvod2_svga_0_0     |         1|
|7     |Uvod2_top_0_0      |         1|
+------+-------------------+----------+

Report Cell Usage: 
+------+-----------------+------+
|      |Cell             |Count |
+------+-----------------+------+
|1     |Uvod2_clk_wiz_0  |     1|
|2     |Uvod2_debounce_0 |     4|
|6     |Uvod2_svga_0     |     1|
|7     |Uvod2_top_0      |     1|
|8     |IBUF             |     4|
|9     |OBUF             |    14|
+------+-----------------+------+
---------------------------------------------------------------------------------
Finished Writing Synthesis Report : Time (s): cpu = 00:00:26 ; elapsed = 00:00:27 . Memory (MB): peak = 1704.109 ; gain = 1027.871
---------------------------------------------------------------------------------
Synthesis finished with 0 errors, 0 critical warnings and 1 warnings.
Synthesis Optimization Runtime : Time (s): cpu = 00:00:17 ; elapsed = 00:00:25 . Memory (MB): peak = 1704.109 ; gain = 1025.844
Synthesis Optimization Complete : Time (s): cpu = 00:00:26 ; elapsed = 00:00:27 . Memory (MB): peak = 1704.109 ; gain = 1027.871
INFO: [Project 1-571] Translating synthesized netlist
Netlist sorting complete. Time (s): cpu = 00:00:00 ; elapsed = 00:00:00 . Memory (MB): peak = 1704.109 ; gain = 0.000
INFO: [Project 1-570] Preparing netlist for logic optimization
INFO: [Opt 31-138] Pushed 0 inverter(s) to 0 load pin(s).
Netlist sorting complete. Time (s): cpu = 00:00:00 ; elapsed = 00:00:00 . Memory (MB): peak = 1704.109 ; gain = 0.000
INFO: [Project 1-111] Unisim Transformation Summary:
No Unisim elements were transformed.

Synth Design complete | Checksum: a93ff5df
INFO: [Common 17-83] Releasing license: Synthesis
40 Infos, 9 Warnings, 0 Critical Warnings and 0 Errors encountered.
synth_design completed successfully
synth_design: Time (s): cpu = 00:00:29 ; elapsed = 00:00:35 . Memory (MB): peak = 1704.109 ; gain = 1193.492
Write ShapeDB Complete: Time (s): cpu = 00:00:00 ; elapsed = 00:00:00.001 . Memory (MB): peak = 1704.109 ; gain = 0.000
INFO: [Common 17-1381] The checkpoint 'C:/Users/vaje/Desktop/Salem/SalemPEV/2.5/PEV/Projekt/Projekt.runs/synth_1/Uvod2_wrapper.dcp' has been generated.
INFO: [Vivado 12-24828] Executing command : report_utilization -file Uvod2_wrapper_utilization_synth.rpt -pb Uvod2_wrapper_utilization_synth.pb
INFO: [Common 17-206] Exiting Vivado at Mon May  4 16:57:45 2026...
