Copyright 1986-2022 Xilinx, Inc. All Rights Reserved. Copyright 2022-2025 Advanced Micro Devices, Inc. All Rights Reserved.
-------------------------------------------------------------------------------------------------------------------------------------------------------------
| Tool Version     : Vivado v.2025.1 (win64) Build 6140274 Thu May 22 00:12:29 MDT 2025
| Date             : Mon May  4 16:59:18 2026
| Host             : LRNV-INSTALL running 64-bit major release  (build 9200)
| Command          : report_power -file Uvod2_wrapper_power_routed.rpt -pb Uvod2_wrapper_power_summary_routed.pb -rpx Uvod2_wrapper_power_routed.rpx
| Design           : Uvod2_wrapper
| Device           : xc7s25csga324-1
| Design State     : routed
| Grade            : commercial
| Process          : typical
| Characterization : Production
-------------------------------------------------------------------------------------------------------------------------------------------------------------

Power Report

Table of Contents
-----------------
1. Summary
1.1 On-Chip Components
1.2 Power Supply Summary
1.3 Confidence Level
2. Settings
2.1 Environment
2.2 Clock Constraints
3. Detailed Reports
3.1 By Hierarchy

1. Summary
----------

+--------------------------+--------------+
| Total On-Chip Power (W)  | 0.155        |
| Design Power Budget (W)  | Unspecified* |
| Power Budget Margin (W)  | NA           |
| Dynamic (W)              | 0.094        |
| Device Static (W)        | 0.061        |
| Effective TJA (C/W)      | 5.3          |
| Max Ambient (C)          | 84.2         |
| Junction Temperature (C) | 25.8         |
| Confidence Level         | Low          |
| Setting File             | ---          |
| Simulation Activity File | ---          |
| Design Nets Matched      | NA           |
+--------------------------+--------------+
* Specify Design Power Budget using, set_operating_conditions -design_power_budget <value in Watts>


1.1 On-Chip Components
----------------------

+----------------+-----------+----------+-----------+-----------------+
| On-Chip        | Power (W) | Used     | Available | Utilization (%) |
+----------------+-----------+----------+-----------+-----------------+
| Clocks         |     0.004 |       10 |       --- |             --- |
| Slice Logic    |     0.002 |      987 |       --- |             --- |
|   LUT as Logic |     0.002 |      507 |     14600 |            3.47 |
|   CARRY4       |    <0.001 |       71 |      3650 |            1.95 |
|   Register     |    <0.001 |      241 |     29200 |            0.83 |
|   Others       |     0.000 |       14 |       --- |             --- |
| Signals        |     0.002 |      671 |       --- |             --- |
| MMCM           |     0.084 |        1 |         3 |           33.33 |
| I/O            |    <0.001 |       19 |       150 |           12.67 |
| Static Power   |     0.061 |          |           |                 |
| Total          |     0.155 |          |           |                 |
+----------------+-----------+----------+-----------+-----------------+


1.2 Power Supply Summary
------------------------

+-----------+-------------+-----------+-------------+------------+-------------+-------------+------------+
| Source    | Voltage (V) | Total (A) | Dynamic (A) | Static (A) | Powerup (A) | Budget (A)  | Margin (A) |
+-----------+-------------+-----------+-------------+------------+-------------+-------------+------------+
| Vccint    |       1.000 |     0.014 |       0.009 |      0.005 |       NA    | Unspecified | NA         |
| Vccaux    |       1.800 |     0.056 |       0.047 |      0.009 |       NA    | Unspecified | NA         |
| Vcco33    |       3.300 |     0.001 |       0.000 |      0.001 |       NA    | Unspecified | NA         |
| Vcco25    |       2.500 |     0.000 |       0.000 |      0.000 |       NA    | Unspecified | NA         |
| Vcco18    |       1.800 |     0.000 |       0.000 |      0.000 |       NA    | Unspecified | NA         |
| Vcco15    |       1.500 |     0.000 |       0.000 |      0.000 |       NA    | Unspecified | NA         |
| Vcco135   |       1.350 |     0.000 |       0.000 |      0.000 |       NA    | Unspecified | NA         |
| Vcco12    |       1.200 |     0.000 |       0.000 |      0.000 |       NA    | Unspecified | NA         |
| Vccaux_io |       1.800 |     0.000 |       0.000 |      0.000 |       NA    | Unspecified | NA         |
| Vccbram   |       1.000 |     0.000 |       0.000 |      0.000 |       NA    | Unspecified | NA         |
| Vccadc    |       1.800 |     0.020 |       0.000 |      0.020 |       NA    | Unspecified | NA         |
+-----------+-------------+-----------+-------------+------------+-------------+-------------+------------+


1.3 Confidence Level
--------------------

+-----------------------------+------------+--------------------------------------------------------+------------------------------------------------------------------------------------------------------------+
| User Input Data             | Confidence | Details                                                | Action                                                                                                     |
+-----------------------------+------------+--------------------------------------------------------+------------------------------------------------------------------------------------------------------------+
| Design implementation state | High       | Design is routed                                       |                                                                                                            |
| Clock nodes activity        | High       | User specified more than 95% of clocks                 |                                                                                                            |
| I/O nodes activity          | Low        | More than 75% of inputs are missing user specification | Provide missing input activity with simulation results or by editing the "By Resource Type -> I/Os" view   |
| Internal nodes activity     | Medium     | User specified less than 25% of internal nodes         | Provide missing internal nodes activity with simulation results or by editing the "By Resource Type" views |
| Device models               | High       | Device models are Production                           |                                                                                                            |
|                             |            |                                                        |                                                                                                            |
| Overall confidence level    | Low        |                                                        |                                                                                                            |
+-----------------------------+------------+--------------------------------------------------------+------------------------------------------------------------------------------------------------------------+


2. Settings
-----------

2.1 Environment
---------------

+-----------------------+--------------------------+
| Ambient Temp (C)      | 25.0                     |
| ThetaJA (C/W)         | 5.3                      |
| Airflow (LFM)         | 250                      |
| Heat Sink             | medium (Medium Profile)  |
| ThetaSA (C/W)         | 4.6                      |
| Board Selection       | medium (10"x10")         |
| # of Board Layers     | 12to15 (12 to 15 Layers) |
| Board Temperature (C) | 25.0                     |
+-----------------------+--------------------------+


2.2 Clock Constraints
---------------------

+--------------------------------+-----------------------------------------------------+-----------------+
| Clock                          | Domain                                              | Constraint (ns) |
+--------------------------------+-----------------------------------------------------+-----------------+
| CLK_12MHz                      | CLK_12MHz                                           |            83.3 |
| clk_200MHz_Uvod2_clk_wiz_0_0   | Uvod2_i/clk_wiz_0/inst/clk_200MHz_Uvod2_clk_wiz_0_0 |             5.0 |
| clk_200MHz_Uvod2_clk_wiz_0_0_1 | Uvod2_i/clk_wiz_0/inst/clk_200MHz_Uvod2_clk_wiz_0_0 |             5.0 |
| clk_40MHz_Uvod2_clk_wiz_0_0    | Uvod2_i/clk_wiz_0/inst/clk_40MHz_Uvod2_clk_wiz_0_0  |            25.0 |
| clk_40MHz_Uvod2_clk_wiz_0_0_1  | Uvod2_i/clk_wiz_0/inst/clk_40MHz_Uvod2_clk_wiz_0_0  |            25.0 |
| clkfbout_Uvod2_clk_wiz_0_0     | Uvod2_i/clk_wiz_0/inst/clkfbout_Uvod2_clk_wiz_0_0   |            83.3 |
| clkfbout_Uvod2_clk_wiz_0_0_1   | Uvod2_i/clk_wiz_0/inst/clkfbout_Uvod2_clk_wiz_0_0   |            83.3 |
| sys_clk_pin                    | CLK_12MHz                                           |            83.3 |
+--------------------------------+-----------------------------------------------------+-----------------+


3. Detailed Reports
-------------------

3.1 By Hierarchy
----------------

+---------------+-----------+
| Name          | Power (W) |
+---------------+-----------+
| Uvod2_wrapper |     0.094 |
|   Uvod2_i     |     0.093 |
|     clk_wiz_0 |     0.085 |
|       inst    |     0.085 |
|     svga_0    |     0.001 |
|       inst    |     0.001 |
|     top_0     |     0.005 |
|       inst    |     0.005 |
+---------------+-----------+


